 Process in group number            1
 A PDF is used, so alpha_s(MZ) is going to be modified
 Old value of alpha_s from param_card:   0.11839999999999999     
  ****************************************
 
       NNPDFDriver version 1.0.3
   Grid: NNPDF23_lo_as_0130_qed_mem0.grid
  ****************************************
 New value of alpha_s from PDF nn23lo1:  0.13000000000000000     
 Define smin to   0.0000000000000000     
 Define smin to   0.0000000000000000     
 Define smin to   0.0000000000000000     
 Define smin to   0.0000000000000000     
 Warning: pt or E min of a jet should in general be >0
 Warning: pt or E min of a jet should in general be >0
 *****************************************************
 *               MadGraph/MadEvent                   *
 *        --------------------------------           *
 *          http://madgraph.hep.uiuc.edu             *
 *          http://madgraph.phys.ucl.ac.be           *
 *          http://madgraph.roma2.infn.it            *
 *        --------------------------------           *
 *                                                   *
 *          PARAMETER AND COUPLING VALUES            *
 *                                                   *
 *****************************************************

  External Params
  ---------------------------------
  
 MU_R =    91.188000000000002     
 aEWM1 =    127.90000000000001     
 mdl_Gf =    1.1663700000000000E-005
 aS =   0.11839999999999999     
 mdl_ymb =    4.7000000000000002     
 mdl_ymt =    172.00000000000000     
 mdl_ymtau =    1.7769999999999999     
 mdl_yRR1x1 =   0.10000000000000001     
 mdl_yRR1x2 =   0.10000000000000001     
 mdl_yRR1x3 =   0.10000000000000001     
 mdl_yRR2x1 =   0.10000000000000001     
 mdl_yRR2x2 =   0.10000000000000001     
 mdl_yRR2x3 =   0.10000000000000001     
 mdl_yRR3x1 =   0.10000000000000001     
 mdl_yRR3x2 =   0.10000000000000001     
 mdl_yRR3x3 =   0.10000000000000001     
 mdl_MZ =    91.187600000000003     
 mdl_MTA =    1.7769999999999999     
 mdl_MT =    172.00000000000000     
 mdl_MB =    4.7000000000000002     
 mdl_MH =    125.00000000000000     
 mdl_MS1t =    650.00000000000000     
 mdl_WZ =    2.4952000000000001     
 mdl_WW =    2.0850000000000000     
 mdl_WT =    1.5083359999999999     
 mdl_WH =    4.0699999999999998E-003
 mdl_WS1t =    12.931340000000001     
  Internal Params
  ---------------------------------
  
 mdl_MZ__exp__2 =    8315.1783937600012     
 mdl_MZ__exp__4 =    69142191.720053151     
 mdl_sqrt__2 =    1.4142135623730951     
 mdl_MH__exp__2 =    15625.000000000000     
 mdl_complexi =                (0.0000000000000000,1.0000000000000000)
 mdl_MS1t__exp__2 =    422500.00000000000     
 mdl_MB__exp__2 =    22.090000000000003     
 mdl_MT__exp__2 =    29584.000000000000     
 mdl_aEW =    7.8186082877247844E-003
 mdl_MW =    79.824359746197842     
 mdl_sqrt__aEW =    8.8422894590285753E-002
 mdl_ee =   0.31345100004952897     
 mdl_MW__exp__2 =    6371.9284088904105     
 mdl_sw2 =   0.23369913342182447     
 mdl_cw =   0.87538612427783857     
 mdl_sqrt__sw2 =   0.48342438232036300     
 mdl_sw =   0.48342438232036300     
 mdl_g1 =   0.35807170271074895     
 mdl_gw =   0.64839716719502682     
 mdl_vev =    246.22056907348590     
 mdl_vev__exp__2 =    60624.568634871241     
 mdl_lam =   0.12886689630821144     
 mdl_yb =    2.6995322804122722E-002
 mdl_yt =   0.98791394091683138     
 mdl_ytau =    1.0206529494239589E-002
 mdl_muH =    88.388347648318444     
 mdl_ee__exp__2 =    9.8251529432049817E-002
 mdl_sw__exp__2 =   0.23369913342182450     
 mdl_cw__exp__2 =   0.76630086657817542     
 mdl_yb__exp__2 =          (7.28747453298788229E-004,0.0000000000000000)
 mdl_yt__exp__2 =               (0.97597395465782455,0.0000000000000000)
  Internal Params evaluated point by point
  ----------------------------------------
  
 mdl_sqrt__aS =   0.34409301068170506     
 mdl_G__exp__2 =                (1.4878582807401259,0.0000000000000000)
 mdl_G__exp__4 =                (2.2137222635669636,0.0000000000000000)
 mdl_G__exp__3 =                (1.8148567439626970,0.0000000000000000)
  Couplings of NLO_LQ_S1_
  ---------------------------------
  
        GC_11 =  -0.00000E+00  -0.12198E+01
        GC_12 =   0.00000E+00   0.12198E+01
        GC_65 =   0.00000E+00   0.10000E+00
        GC_68 =   0.00000E+00   0.10000E+00

 Collider parameters:
 --------------------

 Running at P e   machine @    1048.8088481701516       GeV
 PDF set = nn23lo1
 alpha_s(Mz)= 0.1300 running at 2 loops.
 alpha_s(Mz)= 0.1300 running at 2 loops.
 Renormalization scale set on event-by-event basis
 Factorization   scale set on event-by-event basis


 getting user params
Enter number of events and max and min iterations: 
 Number of events and iterations         1000           5           3
Enter desired fractional accuracy: 
 Desired fractional accuracy:   0.10000000000000001     
Enter 0 for fixed, 2 for adjustable grid: 
Suppress amplitude (0 no, 1 yes)? 
 Using suppressed amplitude.
Exact helicity sum (0 yes, n = number/event)? 
 Explicitly summing over helicities
Enter Configuration Number: 
Running Configuration Number:    2
 Not subdividing B.W.
 Attempting mappinvarients           1           5
 Determine nb_t
 T-channel found:            1
 Completed mapping           5
 about to integrate            6        1000           5           3           6           1
 Using non-zero grid deformation.
  6 dimensions   1000 events  6 invarients  5 iterations  1 config(s),  (0.99)
 Using h-tuple random number sequence.
 Error opening grid
 Using Uniform Grid!          20
 Using uniform alpha   1.0000000000000000     
 Grid defined OK
 Set CM energy to       1048.81
 Mapping Graph           2  to config           2
 Determine nb_t
 T-channel found:            1
 Setting BW          -1           1   650.00000000000000     
 Warning: No cutoff for shat integral found
          Minimum set to    1.0000000000000000E-004
Setting grid   2    0.10000E-03   1
 Transforming s_hat 1/s            6  0.18905791657489221        0.0000000000000000        1099997.6804019669     
   2   1   2   3   4   5   6
 Masses: 0.000E+00 0.000E+00 0.000E+00 0.000E+00 0.000E+00
Using random seed offsets     2 :      2
  with seed                  120
 Ranmar initialization seeds       27760        9499
 
 ********************************************
 * You are using the DiscreteSampler module *
 *      part of the MG5_aMC framework       *
 *         Author: Valentin Hirschi         *
 ********************************************
 
  Particle       3       4       5
      Et >     0.0     0.0     0.0
       E >     0.0     0.0     0.0
     Eta <    -1.0    -1.0     5.0
   xqcut:      0.0     0.0     0.0
d R # 3  >    -0.0     0.0     0.0
d R # 4  >    -0.0    -0.0     0.0
s min # 3>     0.0     0.0     0.0
s min # 4>     0.0     0.0     0.0
xqcutij # 3>     0.0     0.0     0.0
xqcutij # 4>     0.0     0.0     0.0
 No cut BW           -1           1
 alpha_s for scale    644.66734177441015       is    9.8168371356405035E-002
 RESET CUMULATIVE VARIABLE
 Iteration  1   Mean: 0.1114E-01 Abs mean: 0.1114E-01   Fluctuation:  0.186E-02   0.117E+01    54.1%
  1    0.1114E-01 0.1114E-01 +- 0.1858E-02      5.28
 Writing out events   4.1178648011429390E-006   5.2773761095470801     
 Relative summed weights:
  0.4832E+00  0.0000E+00  0.4358E+00  0.0000E+00  0.1115E-01  0.0000E+00  0.6989E-01  0.0000E+00
 Relative number of events:
  0.4866E+00  0.0000E+00  0.4599E+00  0.0000E+00  0.2379E-01  0.0000E+00  0.2973E-01  0.0000E+00
 Events:
         491           0         464           0          24           0          30           0
 Iteration  2   Mean: 0.2440E-01 Abs mean: 0.2440E-01   Fluctuation:  0.426E-02   0.687E+01    78.2%
  2    0.2440E-01 0.2440E-01 +- 0.4258E-02      7.80
 Relative summed weights:
  0.4085E+00  0.0000E+00  0.4825E+00  0.0000E+00  0.8020E-01  0.0000E+00  0.2880E-01  0.0000E+00
 Relative number of events:
  0.4915E+00  0.0000E+00  0.4595E+00  0.0000E+00  0.2650E-01  0.0000E+00  0.2250E-01  0.0000E+00
 Events:
         983           0         919           0          53           0          45           0
 Iteration  3   Mean: 0.1652E+00 Abs mean: 0.1652E+00   Fluctuation:  0.126E+00   0.504E+03    88.0%
  3    0.1652E+00 0.1652E+00 +- 0.1261E+00     48.25
 Relative summed weights:
  0.1302E+00  0.0000E+00  0.8639E+00  0.0000E+00  0.3505E-02  0.0000E+00  0.2397E-02  0.0000E+00
 Relative number of events:
  0.4677E+00  0.0000E+00  0.4788E+00  0.0000E+00  0.2750E-01  0.0000E+00  0.2600E-01  0.0000E+00
 Events:
        1871           0        1915           0         110           0         104           0
 Accuracy:    0.795   0.100   0.119  44.587
 Found          323  events.
 Wrote            1  events.
 Actual xsec    2.1076398806772471E-002
 Correct abs xsec    2.1076398806772471E-002
 Event xsec    2.1076398806772471E-002
 Events wgts > 1:            0
 % Cross section > 1:    0.0000000000000000        0.0000000000000000     
 Iteration  4   Mean: 0.6294E-01 Abs mean: 0.6294E-01   Fluctuation:  0.226E-01   0.143E+03    83.5%
  4    0.6294E-01 0.6294E-01 +- 0.2262E-01     32.14
 Relative summed weights:
  0.4703E+00  0.0000E+00  0.5104E+00  0.0000E+00  0.1287E-01  0.0000E+00  0.6429E-02  0.0000E+00
 Relative number of events:
  0.4745E+00  0.0000E+00  0.4829E+00  0.0000E+00  0.2262E-01  0.0000E+00  0.2000E-01  0.0000E+00
 Events:
        3796           0        3863           0         181           0         160           0
 Accuracy:    0.589   0.100   0.113  27.164
 Found          135  events.
 Wrote            4  events.
 Actual xsec    3.7178258664972381E-002
 Correct abs xsec    3.7178258664972381E-002
 Event xsec    3.7178258664972381E-002
 Events wgts > 1:            0
 % Cross section > 1:    0.0000000000000000        0.0000000000000000     
 Iteration  5   Mean: 0.3930E-01 Abs mean: 0.3930E-01   Fluctuation:  0.416E-02   0.534E+02    66.4%
  5    0.3930E-01 0.3930E-01 +- 0.4161E-02     13.39
 Relative summed weights:
  0.4373E+00  0.0000E+00  0.5129E+00  0.0000E+00  0.2484E-01  0.0000E+00  0.2500E-01  0.0000E+00
 Relative number of events:
  0.4730E+00  0.0000E+00  0.4827E+00  0.0000E+00  0.2144E-01  0.0000E+00  0.2287E-01  0.0000E+00
 Events:
        7568           0        7723           0         343           0         366           0
 Accuracy:    0.290   0.100   0.077  14.031
 Found          972  events.
 Wrote           16  events.
 Actual xsec    4.3349625160736385E-002
 Correct abs xsec    4.3349625160736385E-002
 Event xsec    4.3349625160736364E-002
 Events wgts > 1:            1
 % Cross section > 1:    7.7974714879358586E-010   1.7987402333984578E-006

 -------------------------------------------------------------------------------
 Accumulated results:   Integral =  0.3272E-01
                        Std dev  =  0.2529E-02
                       Cross sec =  0.3272E-01
             Chi**2 per DoF.     =     14.0315
 -------------------------------------------------------------------------------
-------------------------------------------------
---------------------------
 Results Last   3 iters: Integral =   0.4335E-01
                     Abs integral =   0.4335E-01
                          Std dev =   0.4364E-02
                  Chi**2 per DoF. =      1.3159
-------------------------------------------------
---------------------------
 Status  0.10000000000000001                6           5

ls status:
events.lhe
ftn26
input_app.txt
multijob.dat
results.dat
run_01_log.txt
run_02_log.txt
run_03_log.txt
run_04_log.txt
run_05_log.txt
run_06_log.txt
run_07_log.txt
run_08_log.txt
run_09_log.txt
run_10_log.txt
run_11_log.txt
run_12_log.txt
run_13_log.txt
run_14_log.txt
run_15_log.txt
run_16_log.txt
run1_app.log
