 Process in group number            1
 A PDF is used, so alpha_s(MZ) is going to be modified
 Old value of alpha_s from param_card:   0.11839999999999999     
  ****************************************
 
       NNPDFDriver version 1.0.3
   Grid: NNPDF23_lo_as_0130_qed_mem0.grid
  ****************************************
 New value of alpha_s from PDF nn23lo1:  0.13000000000000000     
 Define smin to   0.0000000000000000     
 Define smin to   0.0000000000000000     
 Define smin to   0.0000000000000000     
 Define smin to   0.0000000000000000     
 Warning: pt or E min of a jet should in general be >0
 Warning: pt or E min of a jet should in general be >0
 *****************************************************
 *               MadGraph/MadEvent                   *
 *        --------------------------------           *
 *          http://madgraph.hep.uiuc.edu             *
 *          http://madgraph.phys.ucl.ac.be           *
 *          http://madgraph.roma2.infn.it            *
 *        --------------------------------           *
 *                                                   *
 *          PARAMETER AND COUPLING VALUES            *
 *                                                   *
 *****************************************************

  External Params
  ---------------------------------
  
 MU_R =    91.188000000000002     
 aEWM1 =    127.90000000000001     
 mdl_Gf =    1.1663700000000000E-005
 aS =   0.11839999999999999     
 mdl_ymb =    4.7000000000000002     
 mdl_ymt =    172.00000000000000     
 mdl_ymtau =    1.7769999999999999     
 mdl_yRR1x1 =   0.10000000000000001     
 mdl_yRR1x2 =   0.10000000000000001     
 mdl_yRR1x3 =   0.10000000000000001     
 mdl_yRR2x1 =   0.10000000000000001     
 mdl_yRR2x2 =   0.10000000000000001     
 mdl_yRR2x3 =   0.10000000000000001     
 mdl_yRR3x1 =   0.10000000000000001     
 mdl_yRR3x2 =   0.10000000000000001     
 mdl_yRR3x3 =   0.10000000000000001     
 mdl_MZ =    91.187600000000003     
 mdl_MTA =    1.7769999999999999     
 mdl_MT =    172.00000000000000     
 mdl_MB =    4.7000000000000002     
 mdl_MH =    125.00000000000000     
 mdl_MS1t =    650.00000000000000     
 mdl_WZ =    2.4952000000000001     
 mdl_WW =    2.0850000000000000     
 mdl_WT =    1.5083359999999999     
 mdl_WH =    4.0699999999999998E-003
 mdl_WS1t =    12.931340000000001     
  Internal Params
  ---------------------------------
  
 mdl_MZ__exp__2 =    8315.1783937600012     
 mdl_MZ__exp__4 =    69142191.720053151     
 mdl_sqrt__2 =    1.4142135623730951     
 mdl_MH__exp__2 =    15625.000000000000     
 mdl_complexi =                (0.0000000000000000,1.0000000000000000)
 mdl_MS1t__exp__2 =    422500.00000000000     
 mdl_MB__exp__2 =    22.090000000000003     
 mdl_MT__exp__2 =    29584.000000000000     
 mdl_aEW =    7.8186082877247844E-003
 mdl_MW =    79.824359746197842     
 mdl_sqrt__aEW =    8.8422894590285753E-002
 mdl_ee =   0.31345100004952897     
 mdl_MW__exp__2 =    6371.9284088904105     
 mdl_sw2 =   0.23369913342182447     
 mdl_cw =   0.87538612427783857     
 mdl_sqrt__sw2 =   0.48342438232036300     
 mdl_sw =   0.48342438232036300     
 mdl_g1 =   0.35807170271074895     
 mdl_gw =   0.64839716719502682     
 mdl_vev =    246.22056907348590     
 mdl_vev__exp__2 =    60624.568634871241     
 mdl_lam =   0.12886689630821144     
 mdl_yb =    2.6995322804122722E-002
 mdl_yt =   0.98791394091683138     
 mdl_ytau =    1.0206529494239589E-002
 mdl_muH =    88.388347648318444     
 mdl_ee__exp__2 =    9.8251529432049817E-002
 mdl_sw__exp__2 =   0.23369913342182450     
 mdl_cw__exp__2 =   0.76630086657817542     
 mdl_yb__exp__2 =          (7.28747453298788229E-004,0.0000000000000000)
 mdl_yt__exp__2 =               (0.97597395465782455,0.0000000000000000)
  Internal Params evaluated point by point
  ----------------------------------------
  
 mdl_sqrt__aS =   0.34409301068170506     
 mdl_G__exp__2 =                (1.4878582807401259,0.0000000000000000)
 mdl_G__exp__4 =                (2.2137222635669636,0.0000000000000000)
 mdl_G__exp__3 =                (1.8148567439626970,0.0000000000000000)
  Couplings of NLO_LQ_S1_
  ---------------------------------
  
        GC_11 =  -0.00000E+00  -0.12198E+01
        GC_12 =   0.00000E+00   0.12198E+01
        GC_65 =   0.00000E+00   0.10000E+00
        GC_68 =   0.00000E+00   0.10000E+00

 Collider parameters:
 --------------------

 Running at P e   machine @    1048.8088481701516       GeV
 PDF set = nn23lo1
 alpha_s(Mz)= 0.1300 running at 2 loops.
 alpha_s(Mz)= 0.1300 running at 2 loops.
 Renormalization scale set on event-by-event basis
 Factorization   scale set on event-by-event basis


 getting user params
Enter number of events and max and min iterations: 
 Number of events and iterations         1000           5           3
Enter desired fractional accuracy: 
 Desired fractional accuracy:   0.10000000000000001     
Enter 0 for fixed, 2 for adjustable grid: 
Suppress amplitude (0 no, 1 yes)? 
 Using suppressed amplitude.
Exact helicity sum (0 yes, n = number/event)? 
 Explicitly summing over helicities
Enter Configuration Number: 
Running Configuration Number:    2
 Not subdividing B.W.
 Attempting mappinvarients           1           5
 Determine nb_t
 T-channel found:            1
 Completed mapping           5
 about to integrate            6        1000           5           3           6           1
 Using non-zero grid deformation.
  6 dimensions   1000 events  6 invarients  5 iterations  1 config(s),  (0.99)
 Using h-tuple random number sequence.
 Error opening grid
 Using Uniform Grid!          20
 Using uniform alpha   1.0000000000000000     
 Grid defined OK
 Set CM energy to       1048.81
 Mapping Graph           2  to config           2
 Determine nb_t
 T-channel found:            1
 Setting BW          -1           1   650.00000000000000     
 Warning: No cutoff for shat integral found
          Minimum set to    1.0000000000000000E-004
Setting grid   2    0.10000E-03   1
 Transforming s_hat 1/s            6  0.18905791657489221        0.0000000000000000        1099997.6804019669     
   2   1   2   3   4   5   6
 Masses: 0.000E+00 0.000E+00 0.000E+00 0.000E+00 0.000E+00
Using random seed offsets     2 :      1
  with seed                  120
 Ranmar initialization seeds       27760        9498
 
 ********************************************
 * You are using the DiscreteSampler module *
 *      part of the MG5_aMC framework       *
 *         Author: Valentin Hirschi         *
 ********************************************
 
  Particle       3       4       5
      Et >     0.0     0.0     0.0
       E >     0.0     0.0     0.0
     Eta <    -1.0    -1.0     5.0
   xqcut:      0.0     0.0     0.0
d R # 3  >    -0.0     0.0     0.0
d R # 4  >    -0.0    -0.0     0.0
s min # 3>     0.0     0.0     0.0
s min # 4>     0.0     0.0     0.0
xqcutij # 3>     0.0     0.0     0.0
xqcutij # 4>     0.0     0.0     0.0
 No cut BW           -1           1
 alpha_s for scale    649.82195995256222       is    9.8071131519053042E-002
 RESET CUMULATIVE VARIABLE
 Iteration  1   Mean: 0.8108E-04 Abs mean: 0.8108E-04   Fluctuation:  0.925E-05   0.438E-02    56.8%
  1    0.8108E-04 0.8108E-04 +- 0.9246E-05      3.61
 Writing out events   2.8572882838629076E-008   3.6059848409377597     
 Relative summed weights:
  0.1930E+00  0.0000E+00  0.2842E+00  0.0000E+00  0.2923E+00  0.0000E+00  0.2305E+00  0.0000E+00
 Relative number of events:
  0.2607E+00  0.0000E+00  0.2408E+00  0.0000E+00  0.2468E+00  0.0000E+00  0.2517E+00  0.0000E+00
 Events:
         263           0         243           0         249           0         254           0
 Iteration  2   Mean: 0.2135E-03 Abs mean: 0.2135E-03   Fluctuation:  0.122E-03   0.243E+00    79.4%
  2    0.2135E-03 0.2135E-03 +- 0.1217E-03     25.49
 Relative summed weights:
  0.1233E+00  0.0000E+00  0.9747E-01  0.0000E+00  0.6879E+00  0.0000E+00  0.9139E-01  0.0000E+00
 Relative number of events:
  0.2615E+00  0.0000E+00  0.2415E+00  0.0000E+00  0.2660E+00  0.0000E+00  0.2310E+00  0.0000E+00
 Events:
         523           0         483           0         532           0         462           0
 Iteration  3   Mean: 0.1035E-03 Abs mean: 0.1035E-03   Fluctuation:  0.364E-05   0.722E-02    86.7%
  3    0.1035E-03 0.1035E-03 +- 0.3645E-05      2.23
 Relative summed weights:
  0.2266E+00  0.0000E+00  0.2559E+00  0.0000E+00  0.2613E+00  0.0000E+00  0.2562E+00  0.0000E+00
 Relative number of events:
  0.2432E+00  0.0000E+00  0.2620E+00  0.0000E+00  0.2425E+00  0.0000E+00  0.2522E+00  0.0000E+00
 Events:
         973           0        1048           0         970           0        1009           0
 Accuracy:    0.063   0.100   0.034   3.546
 Finished due to accuracy    6.3261484556902781E-002  0.10000000000000001     

 -------------------------------------------------------------------------------
 Accumulated results:   Integral =  0.1019E-03
                        Std dev  =  0.3424E-05
                       Cross sec =  0.1019E-03
             Chi**2 per DoF.     =      3.5459
 -------------------------------------------------------------------------------
 Found          214  events.
 Wrote           61  events.
 Actual xsec    1.0191426129848159E-004
 Correct abs xsec    1.0191426129848159E-004
 Event xsec    1.0191426129848158E-004
 Events wgts > 1:            1
 % Cross section > 1:    3.6190574415692530E-007  0.35510804822201791     
-------------------------------------------------
---------------------------
 Results Last   3 iters: Integral =   0.1019E-03
                     Abs integral =   0.1019E-03
                          Std dev =   0.3424E-05
                  Chi**2 per DoF. =      3.0508
-------------------------------------------------
---------------------------
 Status  0.10000000000000001                4           5

ls status:
events.lhe
ftn26
input_app.txt
multijob.dat
results.dat
run_01_log.txt
run_02_log.txt
run_03_log.txt
run_04_log.txt
run_05_log.txt
run_06_log.txt
run_07_log.txt
run_08_log.txt
run_09_log.txt
run_10_log.txt
run_11_log.txt
run_12_log.txt
run_13_log.txt
run_14_log.txt
run_15_log.txt
run_16_log.txt
run1_app.log
