==== LHAPDF6 USING DEFAULT-TYPE LHAGLUE INTERFACE ====
LHAPDF 6.3.0 loading /home/nick/Desktop/LQ_Research/mg_root/HEPTools/lhapdf6_py3//share/LHAPDF/NNPDF31_lo_as_0130/NNPDF31_lo_as_0130_0000.dat
NNPDF31_lo_as_0130 PDF set, member #0, version 1; LHAPDF ID = 315200
 Process in group number            1
 A PDF is used, so alpha_s(MZ) is going to be modified
 Old value of alpha_s from param_card:   0.11839999999999999     
 New value of alpha_s from PDF lhapdf :  0.13000239315871834     
 using LHAPDF
 Warning! ptj set to xqcut=   30.000000000000000       to improve integration efficiency
 Note that this might affect non-radiated jets,
 e.g. from decays. Use cut_decays=F in run_card.
 Warning! mmjj set to xqcut=   30.000000000000000       to improve integration efficiency
 Note that this might affect non-radiated jets,
 e.g. from decays. Use cut_decays=F in run_card.
 Define smin to   900.00000000000000     
 Define smin to   900.00000000000000     
 Define smin to   900.00000000000000     
 Define smin to   900.00000000000000     
 Warning: pt or E min of a jet should in general be >0
 *****************************************************
 *               MadGraph/MadEvent                   *
 *        --------------------------------           *
 *          http://madgraph.hep.uiuc.edu             *
 *          http://madgraph.phys.ucl.ac.be           *
 *          http://madgraph.roma2.infn.it            *
 *        --------------------------------           *
 *                                                   *
 *          PARAMETER AND COUPLING VALUES            *
 *                                                   *
 *****************************************************

  External Params
  ---------------------------------
  
 MU_R =    91.188000000000002     
 aEWM1 =    127.90000000000001     
 mdl_Gf =    1.1663700000000000E-005
 aS =   0.11839999999999999     
 mdl_ymb =    4.7000000000000002     
 mdl_ymt =    172.00000000000000     
 mdl_ymtau =    1.7769999999999999     
 mdl_yRR1x1 =   0.10000000000000001     
 mdl_yRR1x2 =   0.10000000000000001     
 mdl_yRR1x3 =   0.10000000000000001     
 mdl_yRR2x1 =   0.10000000000000001     
 mdl_yRR2x2 =   0.10000000000000001     
 mdl_yRR2x3 =   0.10000000000000001     
 mdl_yRR3x1 =   0.10000000000000001     
 mdl_yRR3x2 =   0.10000000000000001     
 mdl_yRR3x3 =   0.10000000000000001     
 mdl_MZ =    91.187600000000003     
 mdl_MTA =    1.7769999999999999     
 mdl_MT =    172.00000000000000     
 mdl_MB =    4.7000000000000002     
 mdl_MH =    125.00000000000000     
 mdl_MS1t =    650.00000000000000     
 mdl_WZ =    2.4952000000000001     
 mdl_WW =    2.0850000000000000     
 mdl_WT =    1.5083359999999999     
 mdl_WH =    4.0699999999999998E-003
 mdl_WS1t =    12.931340000000001     
  Internal Params
  ---------------------------------
  
 mdl_MZ__exp__2 =    8315.1783937600012     
 mdl_MZ__exp__4 =    69142191.720053151     
 mdl_sqrt__2 =    1.4142135623730951     
 mdl_MH__exp__2 =    15625.000000000000     
 mdl_complexi =                (0.0000000000000000,1.0000000000000000)
 mdl_MS1t__exp__2 =    422500.00000000000     
 mdl_MB__exp__2 =    22.090000000000003     
 mdl_MT__exp__2 =    29584.000000000000     
 mdl_aEW =    7.8186082877247844E-003
 mdl_MW =    79.824359746197842     
 mdl_sqrt__aEW =    8.8422894590285753E-002
 mdl_ee =   0.31345100004952897     
 mdl_MW__exp__2 =    6371.9284088904105     
 mdl_sw2 =   0.23369913342182447     
 mdl_cw =   0.87538612427783857     
 mdl_sqrt__sw2 =   0.48342438232036300     
 mdl_sw =   0.48342438232036300     
 mdl_g1 =   0.35807170271074895     
 mdl_gw =   0.64839716719502682     
 mdl_vev =    246.22056907348590     
 mdl_vev__exp__2 =    60624.568634871241     
 mdl_lam =   0.12886689630821144     
 mdl_yb =    2.6995322804122722E-002
 mdl_yt =   0.98791394091683138     
 mdl_ytau =    1.0206529494239589E-002
 mdl_muH =    88.388347648318444     
 mdl_ee__exp__2 =    9.8251529432049817E-002
 mdl_sw__exp__2 =   0.23369913342182450     
 mdl_cw__exp__2 =   0.76630086657817542     
 mdl_yb__exp__2 =          (7.28747453298788229E-004,0.0000000000000000)
 mdl_yt__exp__2 =               (0.97597395465782455,0.0000000000000000)
  Internal Params evaluated point by point
  ----------------------------------------
  
 mdl_sqrt__aS =   0.34409301068170506     
 mdl_G__exp__2 =                (1.4878582807401259,0.0000000000000000)
 mdl_G__exp__4 =                (2.2137222635669636,0.0000000000000000)
 mdl_G__exp__3 =                (1.8148567439626970,0.0000000000000000)
  Couplings of NLO_LQ_S1_
  ---------------------------------
  
        GC_11 =  -0.00000E+00  -0.12198E+01
        GC_12 =   0.00000E+00   0.12198E+01
        GC_65 =   0.00000E+00   0.10000E+00
        GC_68 =   0.00000E+00   0.10000E+00

 Collider parameters:
 --------------------

 Running at P e   machine @    550.00000000000000       GeV
 PDF set = lhapdf 
 alpha_s(Mz)= 0.1300 running at 1 loops.
 alpha_s(Mz)= 0.1300 running at 1 loops.
 Renormalization scale fixed @    300.00000000000000     
 Factorization scales  fixed @    300.00000000000000        300.00000000000000     


 getting user params
Enter number of events and max and min iterations: 
 Number of events and iterations         1000           5           3
Enter desired fractional accuracy: 
 Desired fractional accuracy:   0.10000000000000001     
Enter 0 for fixed, 2 for adjustable grid: 
Suppress amplitude (0 no, 1 yes)? 
 Using suppressed amplitude.
Exact helicity sum (0 yes, n = number/event)? 
 Explicitly summing over helicities
Enter Configuration Number: 
Running Configuration Number:    1
 Using dconfig=           1
 BW Setting            1           0           0
 Attempting mappinvarients           1           5
 Determine nb_t
 T-channel found:            1
 Completed mapping           5
 about to integrate            6        1000           5           3           6           1
 Using non-zero grid deformation.
  6 dimensions   1000 events  6 invarients  5 iterations  1 config(s),  (0.99)
 Using h-tuple random number sequence.
 Error opening grid
 Using Uniform Grid!          20
 Using uniform alpha   1.0000000000000000     
 Grid defined OK
 Set CM energy to        550.00
 Mapping Graph           1  to config           1
 Determine nb_t
 T-channel found:            1
 Setting BW          -1           1   650.00000000000000     
Setting grid   2    0.29752E-02   1
 Transforming s_hat 1/s            6  0.78090930147440796        900.00000000000000        302499.99999744090     
   1   1   2   3   4   5   6
 Masses: 0.000E+00 0.000E+00 0.000E+00 0.000E+00 0.000E+00
Using random seed offsets     1 :      1
  with seed                  183
 Ranmar initialization seeds       14313        9564
 
 ********************************************
 * You are using the DiscreteSampler module *
 *      part of the MG5_aMC framework       *
 *         Author: Valentin Hirschi         *
 ********************************************
 
  Particle       3       4       5
      Et >     0.0     0.0    30.0
       E >     0.0     0.0     0.0
     Eta <    -1.0    -1.0     5.0
   xqcut:      0.0     0.0    30.0
d R # 3  >    -0.0     0.0     0.0
d R # 4  >    -0.0    -0.0     0.0
s min # 3>     0.0     0.0     0.0
s min # 4>     0.0     0.0     0.0
xqcutij # 3>     0.0     0.0     0.0
xqcutij # 4>     0.0     0.0     0.0
 Requiring BW           -1           1
 alpha_s for scale    300.00000000000000       is   0.10934695115565002     
 RESET CUMULATIVE VARIABLE
 Iteration  1   Mean: 0.6413E-16 Abs mean: 0.6413E-16   Fluctuation:  0.418E-17   0.718E-15     1.4%
  1    0.6413E-16 0.6413E-16 +- 0.4180E-17      2.06
 Writing out events   9.1995902341224295E-019   2.0613207272774785     
 Relative summed weights:
  0.2765E+00  0.0000E+00  0.2722E+00  0.0000E+00  0.2374E+00  0.0000E+00  0.2139E+00  0.0000E+00
 Relative number of events:
  0.2339E+00  0.0000E+00  0.2398E+00  0.0000E+00  0.2755E+00  0.0000E+00  0.2507E+00  0.0000E+00
 Events:
         236           0         242           0         278           0         253           0
Warning xbin not returning correct x   1  0.932272E+02  0.929000E+02  0.9992E-14
Warning xbin not returning correct x   1  0.946561E+02  0.944778E+02  0.9992E-14
Warning xbin not returning correct x   1  0.927457E+02  0.929000E+02  0.9992E-14
Warning xbin not returning correct x   1  0.943798E+02  0.944778E+02  0.9992E-14
Warning xbin not returning correct x   1  0.934731E+02  0.929000E+02  0.9992E-14
Thanks for using LHAPDF 6.3.0. Please make sure to cite the paper:
  Eur.Phys.J. C75 (2015) 3, 132  (http://arxiv.org/abs/1412.7420)
Warning xbin still not working well. Last message this iteration.
 Iteration  2   Mean: 0.5905E-16 Abs mean: 0.5905E-16   Fluctuation:  0.162E-17   0.225E-15    33.9%
  2    0.5905E-16 0.5905E-16 +- 0.1624E-17      1.23
 Relative summed weights:
  0.2369E+00  0.0000E+00  0.2690E+00  0.0000E+00  0.2491E+00  0.0000E+00  0.2450E+00  0.0000E+00
 Relative number of events:
  0.2410E+00  0.0000E+00  0.2635E+00  0.0000E+00  0.2470E+00  0.0000E+00  0.2485E+00  0.0000E+00
 Events:
         482           0         527           0         494           0         497           0
 Iteration  3   Mean: 0.6161E-16 Abs mean: 0.6161E-16   Fluctuation:  0.102E-17   0.245E-15    45.2%
  3    0.6161E-16 0.6161E-16 +- 0.1023E-17      1.05
 Relative summed weights:
  0.2548E+00  0.0000E+00  0.2379E+00  0.0000E+00  0.2587E+00  0.0000E+00  0.2485E+00  0.0000E+00
 Relative number of events:
  0.2627E+00  0.0000E+00  0.2387E+00  0.0000E+00  0.2515E+00  0.0000E+00  0.2470E+00  0.0000E+00
 Events:
        1051           0         955           0        1006           0         988           0
 Accuracy:    0.015   0.100   0.014   1.157
 Finished due to accuracy    1.4936972037045909E-002  0.10000000000000001     

 -------------------------------------------------------------------------------
 Accumulated results:   Integral =  0.6107E-16
                        Std dev  =  0.8482E-18
                       Cross sec =  0.6107E-16
             Chi**2 per DoF.     =      1.1567
 -------------------------------------------------------------------------------
 Found          894  events.
 Wrote          892  events.
 Actual xsec    6.1071661897476726E-017
 Correct abs xsec    6.1071661897476726E-017
 Event xsec    6.1071661897476246E-017
 Events wgts > 1:            0
 % Cross section > 1:    0.0000000000000000        0.0000000000000000     
-------------------------------------------------
---------------------------
 Results Last   3 iters: Integral =   0.6107E-16
                     Abs integral =   0.6107E-16
                          Std dev =   0.8482E-18
                  Chi**2 per DoF. =      1.1771
-------------------------------------------------
---------------------------
 Status  0.10000000000000001                4           5

ls status:
events.lhe
ftn26
input_app.txt
results.dat
run1_app.log
