 Parameter mdl_mb               has been read with value 4.700000e+00        
 Parameter mdl_mt               has been read with value 1.720000e+02        
 Parameter mdl_mta              has been read with value 1.777000e+00        
 Parameter mdl_mz               has been read with value 9.118760e+01        
 Parameter mdl_mh               has been read with value 1.250000e+02        
 Parameter mdl_ms1t             has been read with value 3.2500000e+0        
 Parameter aewm1                has been read with value 1.279000e+02        
 Parameter mdl_gf               has been read with value 1.166370e-05        
 Parameter as                   has been read with value 1.184000e-01        
 Parameter mdl_ymb              has been read with value 4.700000e+00        
 Parameter mdl_ymt              has been read with value 1.720000e+02        
 Parameter mdl_ymtau            has been read with value 1.777000e+00        
 Parameter mdl_yrr1x1           has been read with value 3.000000e-01        
 Parameter mdl_yrr1x2           has been read with value 3.000000e-01        
 Parameter mdl_yrr1x3           has been read with value 3.000000e-01        
 Parameter mdl_yrr2x1           has been read with value 3.000000e-01        
 Parameter mdl_yrr2x2           has been read with value 3.000000e-01        
 Parameter mdl_yrr2x3           has been read with value 3.000000e-01        
 Parameter mdl_yrr3x1           has been read with value 3.000000e-01        
 Parameter mdl_yrr3x2           has been read with value 3.000000e-01        
 Parameter mdl_yrr3x3           has been read with value 3.000000e-01        
 Parameter mdl_wt               has been read with value 1.508336e+00        
 Parameter mdl_wz               has been read with value 2.495200e+00        
 Parameter mdl_ww               has been read with value 2.085000e+00        
 Parameter mdl_wh               has been read with value 4.070000e-03        
 Parameter mdl_ws1t             has been read with value 0.537               
