Error in cling::AutoLoadingVisitor::InsertIntoAutoLoadingState:
   Missing FileEntry for ExRootAnalysis/ExRootTreeReader.h
   requested to autoload type ExRootTreeReader
Error in cling::AutoLoadingVisitor::InsertIntoAutoLoadingState:
   Missing FileEntry for ExRootAnalysis/ExRootTreeWriter.h
   requested to autoload type ExRootTreeWriter
Error in cling::AutoLoadingVisitor::InsertIntoAutoLoadingState:
   Missing FileEntry for ExRootAnalysis/ExRootTreeBranch.h
   requested to autoload type ExRootTreeBranch
Error in cling::AutoLoadingVisitor::InsertIntoAutoLoadingState:
   Missing FileEntry for ExRootAnalysis/ExRootResult.h
   requested to autoload type ExRootResult
Error in cling::AutoLoadingVisitor::InsertIntoAutoLoadingState:
   Missing FileEntry for ExRootAnalysis/ExRootClassifier.h
   requested to autoload type ExRootClassifier
Error in cling::AutoLoadingVisitor::InsertIntoAutoLoadingState:
   Missing FileEntry for ExRootAnalysis/ExRootFilter.h
   requested to autoload type ExRootFilter
Error in cling::AutoLoadingVisitor::InsertIntoAutoLoadingState:
   Missing FileEntry for ExRootAnalysis/ExRootProgressBar.h
   requested to autoload type ExRootProgressBar
Error in cling::AutoLoadingVisitor::InsertIntoAutoLoadingState:
   Missing FileEntry for ExRootAnalysis/ExRootConfReader.h
   requested to autoload type ExRootConfParam
Error in cling::AutoLoadingVisitor::InsertIntoAutoLoadingState:
   Missing FileEntry for ExRootAnalysis/ExRootConfReader.h
   requested to autoload type ExRootConfReader
Error in cling::AutoLoadingVisitor::InsertIntoAutoLoadingState:
   Missing FileEntry for ExRootAnalysis/ExRootTask.h
   requested to autoload type ExRootTask
Error in <TFile::TFile>: file /home/nick/Desktop/LQ_Research/mg_root/LQ_S1-_OUT/Events/run_07/tag_2_delphes_events.root already exists
** ERROR: can't create output file run_07/tag_2_delphes_events.root
../bin/internal/run_delphes3: line 46: Uncomment: command not found
** Using the jet branch named Jet
Error in cling::AutoLoadingVisitor::InsertIntoAutoLoadingState:
   Missing FileEntry for ExRootAnalysis/ExRootTreeReader.h
   requested to autoload type ExRootTreeReader
Error in cling::AutoLoadingVisitor::InsertIntoAutoLoadingState:
   Missing FileEntry for ExRootAnalysis/ExRootTreeWriter.h
   requested to autoload type ExRootTreeWriter
Error in cling::AutoLoadingVisitor::InsertIntoAutoLoadingState:
   Missing FileEntry for ExRootAnalysis/ExRootTreeBranch.h
   requested to autoload type ExRootTreeBranch
Error in cling::AutoLoadingVisitor::InsertIntoAutoLoadingState:
   Missing FileEntry for ExRootAnalysis/ExRootResult.h
   requested to autoload type ExRootResult
Error in cling::AutoLoadingVisitor::InsertIntoAutoLoadingState:
   Missing FileEntry for ExRootAnalysis/ExRootClassifier.h
   requested to autoload type ExRootClassifier
Error in cling::AutoLoadingVisitor::InsertIntoAutoLoadingState:
   Missing FileEntry for ExRootAnalysis/ExRootFilter.h
   requested to autoload type ExRootFilter
Error in cling::AutoLoadingVisitor::InsertIntoAutoLoadingState:
   Missing FileEntry for ExRootAnalysis/ExRootProgressBar.h
   requested to autoload type ExRootProgressBar
Error in cling::AutoLoadingVisitor::InsertIntoAutoLoadingState:
   Missing FileEntry for ExRootAnalysis/ExRootConfReader.h
   requested to autoload type ExRootConfParam
Error in cling::AutoLoadingVisitor::InsertIntoAutoLoadingState:
   Missing FileEntry for ExRootAnalysis/ExRootConfReader.h
   requested to autoload type ExRootConfReader
Error in cling::AutoLoadingVisitor::InsertIntoAutoLoadingState:
   Missing FileEntry for ExRootAnalysis/ExRootTask.h
   requested to autoload type ExRootTask
** Reading run_07/tag_2_delphes_events.root
** Input file contains 8 events
** [----------------------------------------------------------------] (0.00%)** [################################################################] (100.00%)
** Exiting...
usage: write user [tty]
