#************************************************************
#*               MadGraph5_aMC@NLO/MadEvent                 *
#*                                                          *
#*                *                       *                 *
#*                  *        * *        *                   *
#*                    * * * * 5 * * * *                     *
#*                  *        * *        *                   *
#*                *                       *                 *
#*                                                          *
#*                                                          *
#*         VERSION 3.2.0                 2021-08-22         *
#*                                                          *
#*    The MadGraph5_aMC@NLO Development Team - Find us at   *
#*    https://server06.fynu.ucl.ac.be/projects/madgraph     *
#*                                                          *
#************************************************************
#*                                                          *
#*               Command File for MadEvent                  *
#*                                                          *
#*     run as ./bin/madevent.py filename                    *
#*                                                          *
#************************************************************
generate_events run_03
Traceback (most recent call last):
  File "/home/nick/Desktop/LQ_Research/mg_root/madgraph/interface/extended_cmd.py", line 1544, in onecmd
    return self.onecmd_orig(line, **opt)
  File "/home/nick/Desktop/LQ_Research/mg_root/madgraph/interface/extended_cmd.py", line 1493, in onecmd_orig
    return func(arg, **opt)
  File "/home/nick/Desktop/LQ_Research/mg_root/madgraph/interface/madevent_interface.py", line 2362, in do_generate_events
    self.run_generate_events(switch_mode, args)
  File "/home/nick/Desktop/LQ_Research/mg_root/madgraph/interface/common_run_interface.py", line 7266, in new_fct
    original_fct(obj, *args, **opts)
  File "/home/nick/Desktop/LQ_Research/mg_root/madgraph/interface/madevent_interface.py", line 2461, in run_generate_events
    self.exec_cmd('decay_events -from_cards', postcmd=False)
  File "/home/nick/Desktop/LQ_Research/mg_root/madgraph/interface/extended_cmd.py", line 1573, in exec_cmd
    stop = Cmd.onecmd_orig(current_interface, line, **opt)
  File "/home/nick/Desktop/LQ_Research/mg_root/madgraph/interface/extended_cmd.py", line 1493, in onecmd_orig
    return func(arg, **opt)
  File "/home/nick/Desktop/LQ_Research/mg_root/madgraph/interface/common_run_interface.py", line 3886, in do_decay_events
    madspin_cmd = interface_madspin.MadSpinInterface(args[0])
  File "/home/nick/Desktop/LQ_Research/mg_root/madgraph/various/misc.py", line 109, in f_with_no_logger
    out = f(self, *args, **opt)
  File "/home/nick/Desktop/LQ_Research/mg_root/MadSpin/interface_madspin.py", line 162, in __init__
    self.do_import(event_path)
  File "/home/nick/Desktop/LQ_Research/mg_root/MadSpin/interface_madspin.py", line 310, in do_import
    self.final_state.update(self.mg5cmd.get_final_part(line[8:]))
  File "/home/nick/Desktop/LQ_Research/mg_root/madgraph/interface/madgraph_interface.py", line 5357, in get_final_part
    raise Exception('invalid particle name: %s. ' % first)
Exception: invalid particle name: ( s1tm43. 
                              Run Options    
                              -----------    
               stdout_level 	:	20 (user set)

                         MadEvent Options    
                         ----------------    
     automatic_html_opening 	:	False (user set)
        notification_center 	:	True
                   run_mode 	:	2
              cluster_queue 	:	None (user set)
               cluster_time 	:	None (user set)
               cluster_size 	:	100
             cluster_memory 	:	100 (user set)
                    nb_core 	:	12 (user set)
          cluster_temp_path 	:	None

                      Configuration Options    
                      ---------------------    
               pythia8_path 	:	/home/nick/Desktop/LQ_Research/mg_root/HEPTools/pythia8 (user set)
                  hwpp_path 	:	None (user set)
                thepeg_path 	:	None (user set)
                 hepmc_path 	:	None (user set)
           madanalysis_path 	:	None (user set)
          madanalysis5_path 	:	/home/nick/Desktop/LQ_Research/mg_root/HEPTools/madanalysis5/madanalysis5 (user set)
            pythia-pgs_path 	:	None (user set)
                    td_path 	:	None (user set)
               delphes_path 	:	/home/nick/Desktop/LQ_Research/mg_root/Delphes (user set)
        exrootanalysis_path 	:	None (user set)
               syscalc_path 	:	None (user set)
                     lhapdf 	:	/home/nick/Desktop/LQ_Research/mg_root/HEPTools/lhapdf6_py3/bin/lhapdf-config (user set)
                 lhapdf_py2 	:	None
                 lhapdf_py3 	:	/home/nick/Desktop/LQ_Research/mg_root/HEPTools/lhapdf6_py3/bin/lhapdf-config (user set)
                    timeout 	:	60
              f2py_compiler 	:	None
          f2py_compiler_py2 	:	None
          f2py_compiler_py3 	:	None
                web_browser 	:	None
                 eps_viewer 	:	None
                text_editor 	:	None
           fortran_compiler 	:	None
               cpp_compiler 	:	None
                auto_update 	:	7 (user set)
               cluster_type 	:	condor
      cluster_status_update 	:	(600, 30)
           cluster_nb_retry 	:	1
         cluster_local_path 	:	None
         cluster_retry_wait 	:	300
#************************************************************
#*                     MadGraph5_aMC@NLO                    *
#*                                                          *
#*                *                       *                 *
#*                  *        * *        *                   *
#*                    * * * * 5 * * * *                     *
#*                  *        * *        *                   *
#*                *                       *                 *
#*                                                          *
#*                                                          *
#*         VERSION 3.2.0                 2021-08-22         *
#*                                                          *
#*    The MadGraph5_aMC@NLO Development Team - Find us at   *
#*    https://server06.fynu.ucl.ac.be/projects/madgraph     *
#*                                                          *
#************************************************************
#*                                                          *
#*               Command File for MadGraph5_aMC@NLO         *
#*                                                          *
#*     run as ./bin/mg5_aMC  filename                       *
#*                                                          *
#************************************************************
set group_subprocesses Auto
set ignore_six_quark_processes False
set low_mem_multicore_nlo_generation False
set complex_mass_scheme False
set include_lepton_initiated_processes False
set gauge unitary
set loop_optimized_output True
set loop_color_flows False
set max_npoint_for_channel 0
set default_unset_couplings 99
set max_t_for_channel 99
set zerowidth_tchannel True
set nlo_mixed_expansion True
import model sm
define p = g u c d s u~ c~ d~ s~
define j = g u c d s u~ c~ d~ s~
define l+ = e+ mu+
define l- = e- mu-
define vl = ve vm vt
define vl~ = ve~ vm~ vt~
tutorial
import model MSSM_SLHA2
define v = w+ w- z a
set group_subprocesses Auto
set ignore_six_quark_processes False
set low_mem_multicore_nlo_generation False
set complex_mass_scheme False
set include_lepton_initiated_processes False
set gauge unitary
set loop_optimized_output True
set loop_color_flows False
set max_npoint_for_channel 0
set default_unset_couplings 99
set max_t_for_channel 99
set zerowidth_tchannel True
set nlo_mixed_expansion True
import model sm
define p = g u c d s u~ c~ d~ s~
define j = g u c d s u~ c~ d~ s~
define l+ = e+ mu+
define l- = e- mu-
define vl = ve vm vt
define vl~ = ve~ vm~ vt~
tutorial
import model MSSM_SLHA2
define v = w+ w- z a
tutorial stop
tutorial
import model /home/nick/Desktop/LQ_Research/mg_root/models/LQ_S1_/NLO_\
MODEL/NLO_LQ_S1_
generate p mu- > s1tm43 j, ( s1tm43 > mu- j )
output LQ_S1-_OUT
######################################################################
## PARAM_CARD AUTOMATICALY GENERATED BY MG5 FOLLOWING UFO MODEL   ####
######################################################################
##                                                                  ##
##  Width set on Auto will be computed following the information    ##
##        present in the decay.py files of the model.               ##
##        See  arXiv:1402.1178 for more details.                    ##
##                                                                  ##
######################################################################

###################################
## INFORMATION FOR MASS
###################################
Block mass 
    5 4.700000e+00 # MB 
    6 1.720000e+02 # MT 
   15 1.777000e+00 # MTA 
   23 9.118760e+01 # MZ 
   25 1.250000e+02 # MH 
  9000005 6.500000e+02 # MS1t 
## Dependent parameters, given by model restrictions.
## Those values should be edited following the 
## analytical expression. MG5 ignores those values 
## but they are important for interfacing the output of MG5
## to external program such as Pythia.
  1 0.000000e+00 # d : 0.0 
  2 0.000000e+00 # u : 0.0 
  3 0.000000e+00 # s : 0.0 
  4 0.000000e+00 # c : 0.0 
  11 0.000000e+00 # e- : 0.0 
  12 0.000000e+00 # ve : 0.0 
  13 0.000000e+00 # mu- : 0.0 
  14 0.000000e+00 # vm : 0.0 
  16 0.000000e+00 # vt : 0.0 
  21 0.000000e+00 # g : 0.0 
  22 0.000000e+00 # a : 0.0 
  24 7.982436e+01 # w+ : cmath.sqrt(MZ__exp__2/2. + cmath.sqrt(MZ__exp__4/4. - (aEW*cmath.pi*MZ__exp__2)/(Gf*sqrt__2))) 
  9000002 9.118760e+01 # ghz : MZ 
  9000003 7.982436e+01 # ghwp : MW 
  9000004 7.982436e+01 # ghwm : MW 

###################################
## INFORMATION FOR SMINPUTS
###################################
Block sminputs 
    1 1.279000e+02 # aEWM1 
    2 1.166370e-05 # Gf 
    3 1.184000e-01 # aS (Note that Parameter not used if you use a PDF set) 

###################################
## INFORMATION FOR YUKAWA
###################################
Block yukawa 
    5 4.700000e+00 # ymb 
    6 1.720000e+02 # ymt 
   15 1.777000e+00 # ymtau 

###################################
## INFORMATION FOR YUKS1TRR
###################################
Block yuks1trr 
    1   1 1.000000e-01 # yRR1x1 
    1   2 1.000000e-01 # yRR1x2 
    1   3 1.000000e-01 # yRR1x3 
    2   1 1.000000e-01 # yRR2x1 
    2   2 1.000000e-01 # yRR2x2 
    2   3 1.000000e-01 # yRR2x3 
    3   1 1.000000e-01 # yRR3x1 
    3   2 1.000000e-01 # yRR3x2 
    3   3 1.000000e-01 # yRR3x3 

###################################
## INFORMATION FOR DECAY
###################################
DECAY   6 1.508336e+00 # WT 
DECAY  23 2.495200e+00 # WZ 
DECAY  24 2.085000e+00 # WW 
DECAY  25 4.070000e-03 # WH 
DECAY 9000005 1.293134e+01 # WS1t 
## Dependent parameters, given by model restrictions.
## Those values should be edited following the 
## analytical expression. MG5 ignores those values 
## but they are important for interfacing the output of MG5
## to external program such as Pythia.
DECAY  1 0.000000e+00 # d : 0.0 
DECAY  2 0.000000e+00 # u : 0.0 
DECAY  3 0.000000e+00 # s : 0.0 
DECAY  4 0.000000e+00 # c : 0.0 
DECAY  5 0.000000e+00 # b : 0.0 
DECAY  11 0.000000e+00 # e- : 0.0 
DECAY  12 0.000000e+00 # ve : 0.0 
DECAY  13 0.000000e+00 # mu- : 0.0 
DECAY  14 0.000000e+00 # vm : 0.0 
DECAY  15 0.000000e+00 # ta- : 0.0 
DECAY  16 0.000000e+00 # vt : 0.0 
DECAY  21 0.000000e+00 # g : 0.0 
DECAY  22 0.000000e+00 # a : 0.0 
DECAY  9000002 2.495200e+00 # ghz : WZ 
DECAY  9000003 2.085000e+00 # ghwp : WW 
DECAY  9000004 2.085000e+00 # ghwm : WW 
#===========================================================
# QUANTUM NUMBERS OF NEW STATE(S) (NON SM PDG CODE)
#===========================================================

Block QNUMBERS 9000001  # gha 
        1 0  # 3 times electric charge
        2 1  # number of spin states (2S+1)
        3 1  # colour rep (1: singlet, 3: triplet, 8: octet)
        4 1  # Particle/Antiparticle distinction (0=own anti)
Block QNUMBERS 9000002  # ghz 
        1 0  # 3 times electric charge
        2 1  # number of spin states (2S+1)
        3 1  # colour rep (1: singlet, 3: triplet, 8: octet)
        4 1  # Particle/Antiparticle distinction (0=own anti)
Block QNUMBERS 9000003  # ghwp 
        1 3  # 3 times electric charge
        2 1  # number of spin states (2S+1)
        3 1  # colour rep (1: singlet, 3: triplet, 8: octet)
        4 1  # Particle/Antiparticle distinction (0=own anti)
Block QNUMBERS 9000004  # ghwm 
        1 -3  # 3 times electric charge
        2 1  # number of spin states (2S+1)
        3 1  # colour rep (1: singlet, 3: triplet, 8: octet)
        4 1  # Particle/Antiparticle distinction (0=own anti)
Block QNUMBERS 82  # ghg 
        1 0  # 3 times electric charge
        2 1  # number of spin states (2S+1)
        3 8  # colour rep (1: singlet, 3: triplet, 8: octet)
        4 1  # Particle/Antiparticle distinction (0=own anti)
Block QNUMBERS 9000005  # s1tm43 
        1 -4  # 3 times electric charge
        2 1  # number of spin states (2S+1)
        3 3  # colour rep (1: singlet, 3: triplet, 8: octet)
        4 1  # Particle/Antiparticle distinction (0=own anti)
#*********************************************************************
#                       MadGraph5_aMC@NLO                            *
#                                                                    *
#                     run_card.dat MadEvent                          *
#                                                                    *
#  This file is used to set the parameters of the run.               *
#                                                                    *
#  Some notation/conventions:                                        *
#                                                                    *
#   Lines starting with a '# ' are info or comments                  *
#                                                                    *
#   mind the format:   value    = variable     ! comment             *
#                                                                    *
#   To display more options, you can type the command:               *
#      update full_run_card                                          *
#*********************************************************************
#                                                                    
#*********************************************************************
# Tag name for the run (one word)                                    *
#*********************************************************************
  tag_1     = run_tag ! name of the run 
#*********************************************************************
# Number of events and rnd seed                                      *
# Warning: Do not generate more than 1M events in a single run       *
#*********************************************************************
  10000 = nevents ! Number of unweighted events requested 
  0   = iseed   ! rnd seed (0=assigned automatically=default))
#*********************************************************************
# Collider type and energy                                           *
# lpp: 0=No PDF, 1=proton, -1=antiproton, 2=photon from proton,      *
#                3=photon from electron, 4=photon from muon          *
#*********************************************************************
     1        = lpp1    ! beam 1 type 
     0        = lpp2    ! beam 2 type
     6500.0     = ebeam1  ! beam 1 total energy in GeV
     1000.0     = ebeam2  ! beam 2 total energy in GeV
#*********************************************************************
# Beam polarization from -100 (left-handed) to 100 (right-handed)    *
#*********************************************************************
     0.0     = polbeam1 ! beam polarization for beam 1
     0.0     = polbeam2 ! beam polarization for beam 2


#*********************************************************************
# PDF CHOICE: this automatically fixes also alpha_s and its evol.    *
#*********************************************************************
     nn23lo1    = pdlabel     ! PDF set                                     
     230000    = lhaid     ! if pdlabel=lhapdf, this is the lhapdf number
# To see heavy ion options: type "update ion_pdf"
#*********************************************************************
# Renormalization and factorization scales                           *
#*********************************************************************
 False = fixed_ren_scale  ! if .true. use fixed ren scale
 False        = fixed_fac_scale  ! if .true. use fixed fac scale
 91.188  = scale            ! fixed ren scale
 91.188  = dsqrt_q2fact1    ! fixed fact scale for pdf1
 91.188  = dsqrt_q2fact2    ! fixed fact scale for pdf2
 -1 = dynamical_scale_choice ! Choose one of the preselected dynamical choices
 1.0  = scalefact        ! scale factor for event-by-event scales
#*********************************************************************
# Type and output format
#*********************************************************************
  False     = gridpack  !True = setting up the grid pack
  -1.0 = time_of_flight ! threshold (in mm) below which the invariant livetime is not written (-1 means not written)
  average =  event_norm       ! average/sum. Normalization of the weight in the LHEF
# To see MLM/CKKW  merging options: type "update MLM" or "update CKKW"

#*********************************************************************
#
#*********************************************************************
# Phase-Space Optimization strategy (basic options)
#*********************************************************************
   0  = nhel          ! using helicities importance sampling or not.
                             ! 0: sum over helicity, 1: importance sampling
   2  = sde_strategy  ! default integration strategy (hep-ph/2021.xxxxx)
                             ! 1 is old strategy (using amp square)
			     ! 2 is new strategy (using only the denominator)
# To see advanced option for Phase-Space optimization: type "update psoptim"			     
#*********************************************************************
# Generation bias, check the wiki page below for more information:   *
#  'cp3.irmp.ucl.ac.be/projects/madgraph/wiki/LOEventGenerationBias' *
#*********************************************************************
 None = bias_module  ! Bias type of bias, [None, ptj_bias, -custom_folder-]
 {} = bias_parameters ! Specifies the parameters of the module.
#
#*******************************                                                 
# Parton level cuts definition *
#*******************************                                     
#                                                                    
#
#*********************************************************************
# BW cutoff (M+/-bwcutoff*Gamma) ! Define on/off-shell for "$" and decay  
#*********************************************************************
  15.0  = bwcutoff      ! (M+/-bwcutoff*Gamma)
 #*********************************************************************
 # Apply pt/E/eta/dr/mij/kt_durham cuts on decay products or not
 # (note that etmiss/ptll/ptheavy/ht/sorted cuts always apply)
 #*********************************************************************
   False  = cut_decays    ! Cut decay products 
#*********************************************************************
# Standard Cuts                                                      *
#*********************************************************************
# Minimum and maximum pt's (for max, -1 means no cut)                *
#*********************************************************************
 20.0  = ptj       ! minimum pt for the jets 
 10.0  = ptl       ! minimum pt for the charged leptons 
 -1.0  = ptjmax    ! maximum pt for the jets
 -1.0  = ptlmax    ! maximum pt for the charged leptons
 {} = pt_min_pdg ! pt cut for other particles (use pdg code). Applied on particle and anti-particle
 {}	= pt_max_pdg ! pt cut for other particles (syntax e.g. {6: 100, 25: 50}) 
#
# For display option for energy cut in the partonic center of mass frame type 'update ecut'
#
#*********************************************************************
# Maximum and minimum absolute rapidity (for max, -1 means no cut)   *
#*********************************************************************
 5.0 = etaj    ! max rap for the jets 
 2.5  = etal    ! max rap for the charged leptons 
 0.0  = etalmin ! main rap for the charged leptons
 {} = eta_min_pdg ! rap cut for other particles (use pdg code). Applied on particle and anti-particle
 {} = eta_max_pdg ! rap cut for other particles (syntax e.g. {6: 2.5, 23: 5})
#*********************************************************************
# Minimum and maximum DeltaR distance                                *
#*********************************************************************
 0.4 = drjj    ! min distance between jets 
 0.4 = drjl    ! min distance between jet and lepton 
 -1.0  = drjjmax ! max distance between jets
 -1.0  = drjlmax ! max distance between jet and lepton
#*********************************************************************
# Minimum and maximum invariant mass for pairs                       *
#*********************************************************************
 0.0   = mmjj    ! min invariant mass of a jet pair 
 -1.0  = mmjjmax ! max invariant mass of a jet pair
 {} = mxx_min_pdg ! min invariant mass of a pair of particles X/X~ (e.g. {6:250})
 {'default': False} = mxx_only_part_antipart ! if True the invariant mass is applied only 
                       ! to pairs of particle/antiparticle and not to pairs of the same pdg codes.  
#*********************************************************************
# Inclusive cuts                                                     *
#*********************************************************************
 0.0  = xptj ! minimum pt for at least one jet  
 #*********************************************************************
 # Control the pt's of the jets sorted by pt                          *
 #*********************************************************************
 0.0   = ptj1min ! minimum pt for the leading jet in pt
 0.0   = ptj2min ! minimum pt for the second jet in pt
 -1.0  = ptj1max ! maximum pt for the leading jet in pt 
 -1.0  = ptj2max ! maximum pt for the second jet in pt
 0   = cutuse  ! reject event if fails any (0) / all (1) jet pt cuts
 #*********************************************************************
 # Control the Ht(k)=Sum of k leading jets                            *
 #*********************************************************************
 0.0   = htjmin ! minimum jet HT=Sum(jet pt)
 -1.0  = htjmax ! maximum jet HT=Sum(jet pt)
 0.0   = ihtmin  !inclusive Ht for all partons (including b)
 -1.0  = ihtmax  !inclusive Ht for all partons (including b)
 #*********************************************************************
 # WBF cuts                                                           *
 #*********************************************************************
 0.0   = xetamin ! minimum rapidity for two jets in the WBF case  
 0.0   = deltaeta ! minimum rapidity for two jets in the WBF case 
#*********************************************************************
# maximal pdg code for quark to be considered as a light jet         *
# (otherwise b cuts are applied)                                     *
#*********************************************************************
 4 = maxjetflavor    ! Maximum jet pdg code
#*********************************************************************
#
#*********************************************************************
# Store info for systematics studies                                 *
# WARNING: Do not use for interference type of computation           *
#*********************************************************************
   True  = use_syst      ! Enable systematics studies
#
systematics = systematics_program ! none, systematics [python], SysCalc [depreceted, C++]
['--mur=0.5,1,2', '--muf=0.5,1,2', '--pdf=errorset'] = systematics_arguments ! see: https://cp3.irmp.ucl.ac.be/projects/madgraph/wiki/Systematics#Systematicspythonmodule
# Syscalc is deprecated but to see the associate options type'update syscalc'