#************************************************************
#*               MadGraph5_aMC@NLO/MadEvent                 *
#*                                                          *
#*                *                       *                 *
#*                  *        * *        *                   *
#*                    * * * * 5 * * * *                     *
#*                  *        * *        *                   *
#*                *                       *                 *
#*                                                          *
#*                                                          *
#*         VERSION 3.2.0                 2021-08-22         *
#*                                                          *
#*    The MadGraph5_aMC@NLO Development Team - Find us at   *
#*    https://server06.fynu.ucl.ac.be/projects/madgraph     *
#*                                                          *
#************************************************************
#*                                                          *
#*               Command File for MadEvent                  *
#*                                                          *
#*     run as ./bin/madevent.py filename                    *
#*                                                          *
#************************************************************
generate_events run_17
Traceback (most recent call last):
  File "/home/nick/Desktop/LQ_Research/mg_root/madgraph/interface/extended_cmd.py", line 1544, in onecmd
    return self.onecmd_orig(line, **opt)
  File "/home/nick/Desktop/LQ_Research/mg_root/madgraph/interface/extended_cmd.py", line 1493, in onecmd_orig
    return func(arg, **opt)
  File "/home/nick/Desktop/LQ_Research/mg_root/madgraph/interface/madevent_interface.py", line 2362, in do_generate_events
    self.run_generate_events(switch_mode, args)
  File "/home/nick/Desktop/LQ_Research/mg_root/madgraph/interface/common_run_interface.py", line 7266, in new_fct
    original_fct(obj, *args, **opts)
  File "/home/nick/Desktop/LQ_Research/mg_root/madgraph/interface/madevent_interface.py", line 2401, in run_generate_events
    self.exec_cmd('survey  %s %s' % (self.run_name,' '.join(args)),
  File "/home/nick/Desktop/LQ_Research/mg_root/madgraph/interface/extended_cmd.py", line 1573, in exec_cmd
    stop = Cmd.onecmd_orig(current_interface, line, **opt)
  File "/home/nick/Desktop/LQ_Research/mg_root/madgraph/interface/extended_cmd.py", line 1493, in onecmd_orig
    return func(arg, **opt)
  File "/home/nick/Desktop/LQ_Research/mg_root/madgraph/interface/madevent_interface.py", line 3223, in do_survey
    self.configure_directory()
  File "/home/nick/Desktop/LQ_Research/mg_root/madgraph/interface/madevent_interface.py", line 5636, in configure_directory
    self.compile(arg=[name], cwd=os.path.join(self.me_dir, 'Source'))
  File "/home/nick/Desktop/LQ_Research/mg_root/madgraph/interface/extended_cmd.py", line 1639, in compile
    return misc.compile(nb_core=self.options['nb_core'], *args, **opts)
  File "/home/nick/Desktop/LQ_Research/mg_root/madgraph/various/misc.py", line 552, in compile
    raise MadGraph5Error(error_text)
madgraph.MadGraph5Error: A compilation Error occurs when trying to compile /home/nick/Desktop/LQ_Research/mg_root/LQ_S1-_OUT/Source.
The compilation fails with the following output message:
    gfortran -w -fPIC -O -ffixed-line-length-132  -c -o alfas_functions_lhapdf.o alfas_functions_lhapdf.f
    gfortran -w -fPIC -O -ffixed-line-length-132  -c -o setrun.o setrun.f
    cd PDF; make	
    cd MODEL; make    
    make[1]: warning: jobserver unavailable: using -j1.  Add '+' to parent make rule.
    make[1]: Entering directory '/home/nick/Desktop/LQ_Research/mg_root/LQ_S1-_OUT/Source/PDF'
    make[1]: warning: jobserver unavailable: using -j1.  Add '+' to parent make rule.
    make[1]: Entering directory '/home/nick/Desktop/LQ_Research/mg_root/LQ_S1-_OUT/Source/MODEL'
    gfortran -w -fPIC -O -ffixed-line-length-132  -c -o pdfwrap_lhapdf.o pdfwrap_lhapdf.f
    gfortran -w -fPIC -O -ffixed-line-length-132 -c -o rw_para.o rw_para.f
    run_card.inc:351:1:
    
      351 | reweight_pdf = '     $DEFAULT_PDF_MEMBERS  '
          | 1
    Error: Non-numeric character in statement label at (1)
    run_card.inc:351:12:
    
      351 | reweight_pdf = '     $DEFAULT_PDF_MEMBERS  '
          |            1
    Error: Symbol ‘eweight_pdf’ at (1) has no IMPLICIT type
    make: *** [<builtin>: setrun.o] Error 1
    make: *** Waiting for unfinished jobs....
    ar cru  ../../lib/libmodel.a  couplings.o lha_read.o printout.o rw_para.o model_functions.o couplings1.o couplings2.o
    ar: `u' modifier ignored since `D' is the default (see `U')
    ranlib  ../../lib/libmodel.a
    make[1]: Leaving directory '/home/nick/Desktop/LQ_Research/mg_root/LQ_S1-_OUT/Source/MODEL'
    g++ -O   -static-libstdc++ -std=c++11 -I/home/nick/Desktop/LQ_Research/mg_root/HEPTools/lhapdf6_py3/include -std=c++11   -c -o pdf_lhapdf62.o pdf_lhapdf62.cc
    gfortran -w -fPIC -O -ffixed-line-length-132  -c -o pdg2pdf_lhapdf6.o pdg2pdf_lhapdf6.f
    ar cru  ../../lib/libpdf.a  pdfwrap_lhapdf.o pdf_lhapdf62.o pdg2pdf_lhapdf6.o opendata.o PhotonFlux.o
    ar: `u' modifier ignored since `D' is the default (see `U')
    ranlib  ../../lib/libpdf.a
    make[1]: Leaving directory '/home/nick/Desktop/LQ_Research/mg_root/LQ_S1-_OUT/Source/PDF'
    
Please try to fix this compilations issue and retry.
Help might be found at https://answers.launchpad.net/mg5amcnlo.
If you think that this is a bug, you can report this at https://bugs.launchpad.net/mg5amcnlo
                              Run Options    
                              -----------    
               stdout_level 	:	20 (user set)

                         MadEvent Options    
                         ----------------    
     automatic_html_opening 	:	False (user set)
        notification_center 	:	True
                   run_mode 	:	2
              cluster_queue 	:	None (user set)
               cluster_time 	:	None (user set)
               cluster_size 	:	100
             cluster_memory 	:	100 (user set)
                    nb_core 	:	12 (user set)
          cluster_temp_path 	:	None

                      Configuration Options    
                      ---------------------    
               pythia8_path 	:	/home/nick/Desktop/LQ_Research/mg_root/HEPTools/pythia8 (user set)
                  hwpp_path 	:	None (user set)
                thepeg_path 	:	None (user set)
                 hepmc_path 	:	None (user set)
           madanalysis_path 	:	None (user set)
          madanalysis5_path 	:	/home/nick/Desktop/LQ_Research/mg_root/HEPTools/madanalysis5/madanalysis5 (user set)
            pythia-pgs_path 	:	None (user set)
                    td_path 	:	None (user set)
               delphes_path 	:	/home/nick/Desktop/LQ_Research/mg_root/Delphes (user set)
        exrootanalysis_path 	:	/home/nick/Desktop/LQ_Research/mg_root/ExRootAnalysis (user set)
               syscalc_path 	:	None (user set)
                     lhapdf 	:	/home/nick/Desktop/LQ_Research/mg_root/HEPTools/lhapdf6_py3/bin/lhapdf-config (user set)
                 lhapdf_py2 	:	None
                 lhapdf_py3 	:	/home/nick/Desktop/LQ_Research/mg_root/HEPTools/lhapdf6_py3/bin/lhapdf-config (user set)
                    timeout 	:	60
              f2py_compiler 	:	None
          f2py_compiler_py2 	:	None
          f2py_compiler_py3 	:	None
                web_browser 	:	None
                 eps_viewer 	:	None
                text_editor 	:	None
           fortran_compiler 	:	None
               cpp_compiler 	:	None
                auto_update 	:	7 (user set)
               cluster_type 	:	condor
      cluster_status_update 	:	(600, 30)
           cluster_nb_retry 	:	1
         cluster_local_path 	:	None
         cluster_retry_wait 	:	300
